Traceback (most recent call last):
  File "C:\Users\sungmooklim\anaconda3\lib\site-packages\jupyter_cache\executors\utils.py", line 51, in single_nb_execution
    executenb(
  File "C:\Users\sungmooklim\anaconda3\lib\site-packages\nbclient\client.py", line 1204, in execute
    return NotebookClient(nb=nb, resources=resources, km=km, **kwargs).execute()
  File "C:\Users\sungmooklim\anaconda3\lib\site-packages\nbclient\util.py", line 84, in wrapped
    return just_run(coro(*args, **kwargs))
  File "C:\Users\sungmooklim\anaconda3\lib\site-packages\nbclient\util.py", line 62, in just_run
    return loop.run_until_complete(coro)
  File "C:\Users\sungmooklim\anaconda3\lib\asyncio\base_events.py", line 647, in run_until_complete
    return future.result()
  File "C:\Users\sungmooklim\anaconda3\lib\site-packages\nbclient\client.py", line 663, in async_execute
    await self.async_execute_cell(
  File "C:\Users\sungmooklim\anaconda3\lib\site-packages\nbclient\client.py", line 965, in async_execute_cell
    await self._check_raise_for_error(cell, cell_index, exec_reply)
  File "C:\Users\sungmooklim\anaconda3\lib\site-packages\nbclient\client.py", line 862, in _check_raise_for_error
    raise CellExecutionError.from_cell_and_msg(cell, exec_reply_content)
nbclient.exceptions.CellExecutionError: An error occurred while executing the following cell:
------------------
# ê²½ë¡œí™•ì¸ ë° ë³€ê²½ 

import os
print(os.getcwd())  # ê²½ë¡œ í™•ì¸ 
path = 'C:\\Users\\limsun\\OneDrive - Novelis Inc\\Desktop\\Data Science\\0.personal_practice\\'  # ë³€ê²½ì›í•˜ëŠ” ê²½ë¡œ 

os.chdir(path)  # ë³€ê²½ 

print(os.getcwd())# ê²½ë¡œ í™•ì¸ 

# ë‹¤ë¥¸ ê²½ë¡œì— ìˆëŠ” íŒŒì¼ ë¶ˆëŸ¬ì˜¬ë•Œ
path = 'C:\\Users\\limsun\\OneDrive - Novelis Inc\\Desktop\\Data Science\\0.í†µê³„ê´€ë ¨ self study\\'
pd.read_csv(path+'copy_of_the_training_data.csv') # ,sheet_name='excel'
------------------

[1;31m---------------------------------------------------------------------------[0m
[1;31mFileNotFoundError[0m                         Traceback (most recent call last)
Input [1;32mIn [3][0m, in [0;36m<cell line: 7>[1;34m()[0m
[0;32m      4[0m [38;5;28mprint[39m(os[38;5;241m.[39mgetcwd())  [38;5;66;03m# ê²½ë¡œ í™•ì¸ [39;00m
[0;32m      5[0m path [38;5;241m=[39m [38;5;124m'[39m[38;5;124mC:[39m[38;5;130;01m\\[39;00m[38;5;124mUsers[39m[38;5;130;01m\\[39;00m[38;5;124mlimsun[39m[38;5;130;01m\\[39;00m[38;5;124mOneDrive - Novelis Inc[39m[38;5;130;01m\\[39;00m[38;5;124mDesktop[39m[38;5;130;01m\\[39;00m[38;5;124mData Science[39m[38;5;130;01m\\[39;00m[38;5;124m0.personal_practice[39m[38;5;130;01m\\[39;00m[38;5;124m'[39m  [38;5;66;03m# ë³€ê²½ì›í•˜ëŠ” ê²½ë¡œ [39;00m
[1;32m----> 7[0m [43mos[49m[38;5;241;43m.[39;49m[43mchdir[49m[43m([49m[43mpath[49m[43m)[49m  [38;5;66;03m# ë³€ê²½ [39;00m
[0;32m      9[0m [38;5;28mprint[39m(os[38;5;241m.[39mgetcwd())[38;5;66;03m# ê²½ë¡œ í™•ì¸ [39;00m
[0;32m     11[0m [38;5;66;03m# ë‹¤ë¥¸ ê²½ë¡œì— ìˆëŠ” íŒŒì¼ ë¶ˆëŸ¬ì˜¬ë•Œ[39;00m

[1;31mFileNotFoundError[0m: [WinError 3] ì§€ì •ëœ ê²½ë¡œë¥¼ ì°¾ì„ ìˆ˜ ì—†ìŠµë‹ˆë‹¤: 'C:\\Users\\limsun\\OneDrive - Novelis Inc\\Desktop\\Data Science\\0.personal_practice\\'
FileNotFoundError: [WinError 3] ì§€ì •ëœ ê²½ë¡œë¥¼ ì°¾ì„ ìˆ˜ ì—†ìŠµë‹ˆë‹¤: 'C:\\Users\\limsun\\OneDrive - Novelis Inc\\Desktop\\Data Science\\0.personal_practice\\'

