Traceback (most recent call last):
  File "C:\Users\sungmooklim\anaconda3\lib\site-packages\jupyter_cache\executors\utils.py", line 51, in single_nb_execution
    executenb(
  File "C:\Users\sungmooklim\anaconda3\lib\site-packages\nbclient\client.py", line 1204, in execute
    return NotebookClient(nb=nb, resources=resources, km=km, **kwargs).execute()
  File "C:\Users\sungmooklim\anaconda3\lib\site-packages\nbclient\util.py", line 84, in wrapped
    return just_run(coro(*args, **kwargs))
  File "C:\Users\sungmooklim\anaconda3\lib\site-packages\nbclient\util.py", line 62, in just_run
    return loop.run_until_complete(coro)
  File "C:\Users\sungmooklim\anaconda3\lib\asyncio\base_events.py", line 647, in run_until_complete
    return future.result()
  File "C:\Users\sungmooklim\anaconda3\lib\site-packages\nbclient\client.py", line 663, in async_execute
    await self.async_execute_cell(
  File "C:\Users\sungmooklim\anaconda3\lib\site-packages\nbclient\client.py", line 965, in async_execute_cell
    await self._check_raise_for_error(cell, cell_index, exec_reply)
  File "C:\Users\sungmooklim\anaconda3\lib\site-packages\nbclient\client.py", line 862, in _check_raise_for_error
    raise CellExecutionError.from_cell_and_msg(cell, exec_reply_content)
nbclient.exceptions.CellExecutionError: An error occurred while executing the following cell:
------------------
target_data['cycle[min]'].describe(percentiles= [0.05,0.1,0.2,0.3,0.4,0.5,0.6,0.7,0.8,0.9])
cycle_org[cycle_org['gas_consum']>0]['gas_consum'].describe(percentiles= [0.05,0.1,0.2,0.3,0.4,0.5,0.6,0.7,0.8,0.9])
------------------

[1;31m---------------------------------------------------------------------------[0m
[1;31mNameError[0m                                 Traceback (most recent call last)
Input [1;32mIn [2][0m, in [0;36m<cell line: 1>[1;34m()[0m
[1;32m----> 1[0m [43mtarget_data[49m[[38;5;124m'[39m[38;5;124mcycle[min][39m[38;5;124m'[39m][38;5;241m.[39mdescribe(percentiles[38;5;241m=[39m [[38;5;241m0.05[39m,[38;5;241m0.1[39m,[38;5;241m0.2[39m,[38;5;241m0.3[39m,[38;5;241m0.4[39m,[38;5;241m0.5[39m,[38;5;241m0.6[39m,[38;5;241m0.7[39m,[38;5;241m0.8[39m,[38;5;241m0.9[39m])
[0;32m      2[0m cycle_org[cycle_org[[38;5;124m'[39m[38;5;124mgas_consum[39m[38;5;124m'[39m][38;5;241m>[39m[38;5;241m0[39m][[38;5;124m'[39m[38;5;124mgas_consum[39m[38;5;124m'[39m][38;5;241m.[39mdescribe(percentiles[38;5;241m=[39m [[38;5;241m0.05[39m,[38;5;241m0.1[39m,[38;5;241m0.2[39m,[38;5;241m0.3[39m,[38;5;241m0.4[39m,[38;5;241m0.5[39m,[38;5;241m0.6[39m,[38;5;241m0.7[39m,[38;5;241m0.8[39m,[38;5;241m0.9[39m])

[1;31mNameError[0m: name 'target_data' is not defined
NameError: name 'target_data' is not defined

